\BOOKMARK [1][-]{section.1}{\376\377\000I\000n\000t\000r\000o\000d\000u\000c\000t\000i\000o\000n}{}% 1
\BOOKMARK [1][-]{section.2}{\376\377\000B\000a\000c\000k\000g\000r\000o\000u\000n\000d\000\040\000a\000n\000d\000\040\000R\000e\000l\000a\000t\000e\000d\000\040\000W\000o\000r\000k}{}% 2
\BOOKMARK [2][-]{subsection.2.1}{\376\377\000A\000g\000e\000n\000t\000i\000c\000\040\000A\000I\000\040\000a\000t\000\040\000t\000h\000e\000\040\000N\000e\000t\000w\000o\000r\000k\000\040\000E\000d\000g\000e}{section.2}% 3
\BOOKMARK [2][-]{subsection.2.2}{\376\377\000E\000x\000i\000s\000t\000i\000n\000g\000\040\000G\000o\000v\000e\000r\000n\000a\000n\000c\000e\000\040\000A\000p\000p\000r\000o\000a\000c\000h\000e\000s}{section.2}% 4
\BOOKMARK [2][-]{subsection.2.3}{\376\377\000R\000e\000f\000e\000r\000e\000n\000c\000e\000\040\000M\000o\000n\000i\000t\000o\000r\000\040\000T\000h\000e\000o\000r\000y}{section.2}% 5
\BOOKMARK [2][-]{subsection.2.4}{\376\377\000F\000e\000d\000e\000r\000a\000t\000e\000d\000\040\000T\000r\000u\000s\000t\000\040\000i\000n\000\040\000D\000i\000s\000t\000r\000i\000b\000u\000t\000e\000d\000\040\000S\000y\000s\000t\000e\000m\000s}{section.2}% 6
\BOOKMARK [2][-]{subsection.2.5}{\376\377\000C\000o\000m\000p\000a\000r\000i\000s\000o\000n\000\040\000w\000i\000t\000h\000\040\000E\000x\000i\000s\000t\000i\000n\000g\000\040\000A\000p\000p\000r\000o\000a\000c\000h\000e\000s}{section.2}% 7
\BOOKMARK [1][-]{section.3}{\376\377\000T\000h\000r\000e\000a\000t\000\040\000M\000o\000d\000e\000l\000:\000\040\000A\000T\000X\000-\0001\000\040\000T\000a\000x\000o\000n\000o\000m\000y}{}% 8
\BOOKMARK [2][-]{subsection.3.1}{\376\377\000M\000e\000t\000h\000o\000d\000o\000l\000o\000g\000y}{section.3}% 9
\BOOKMARK [2][-]{subsection.3.2}{\376\377\000T\000a\000x\000o\000n\000o\000m\000y\000\040\000S\000t\000r\000u\000c\000t\000u\000r\000e}{section.3}% 10
\BOOKMARK [2][-]{subsection.3.3}{\376\377\000K\000e\000y\000\040\000T\000e\000c\000h\000n\000i\000q\000u\000e\000\040\000D\000e\000t\000a\000i\000l\000s}{section.3}% 11
\BOOKMARK [2][-]{subsection.3.4}{\376\377\000E\000d\000g\000e\000-\000S\000p\000e\000c\000i\000f\000i\000c\000\040\000T\000h\000r\000e\000a\000t\000\040\000M\000a\000n\000i\000f\000e\000s\000t\000a\000t\000i\000o\000n}{section.3}% 12
\BOOKMARK [2][-]{subsection.3.5}{\376\377\000C\000r\000o\000s\000s\000-\000R\000e\000f\000e\000r\000e\000n\000c\000e\000\040\000M\000a\000p\000p\000i\000n\000g}{section.3}% 13
\BOOKMARK [1][-]{section.4}{\376\377\000A\000E\000G\000I\000S\000\040\000A\000r\000c\000h\000i\000t\000e\000c\000t\000u\000r\000e}{}% 14
\BOOKMARK [2][-]{subsection.4.1}{\376\377\000E\000n\000f\000o\000r\000c\000e\000m\000e\000n\000t\000\040\000P\000o\000i\000n\000t\000:\000\040\000T\000h\000e\000\040\000A\000c\000t\000i\000o\000n\000\040\000B\000o\000u\000n\000d\000a\000r\000y}{section.4}% 15
\BOOKMARK [2][-]{subsection.4.2}{\376\377\000T\000h\000e\000\040\000F\000o\000u\000r\000-\000L\000a\000y\000e\000r\000\040\000G\000o\000v\000e\000r\000n\000a\000n\000c\000e\000\040\000S\000t\000a\000c\000k}{section.4}% 16
\BOOKMARK [2][-]{subsection.4.3}{\376\377\000R\000i\000s\000k\000\040\000S\000c\000o\000r\000i\000n\000g\000:\000\040\000W\000o\000r\000k\000e\000d\000\040\000E\000x\000a\000m\000p\000l\000e}{section.4}% 17
\BOOKMARK [2][-]{subsection.4.4}{\376\377\000G\000o\000v\000e\000r\000n\000a\000n\000c\000e\000\040\000G\000a\000t\000e\000w\000a\000y\000\040\000a\000n\000d\000\040\000T\000o\000o\000l\000\040\000P\000r\000o\000x\000y}{section.4}% 18
\BOOKMARK [2][-]{subsection.4.5}{\376\377\000T\000a\000m\000p\000e\000r\000-\000E\000v\000i\000d\000e\000n\000t\000\040\000A\000u\000d\000i\000t\000\040\000T\000r\000a\000i\000l}{section.4}% 19
\BOOKMARK [2][-]{subsection.4.6}{\376\377\000E\000d\000g\000e\000\040\000D\000e\000p\000l\000o\000y\000m\000e\000n\000t\000\040\000D\000e\000s\000i\000g\000n}{section.4}% 20
\BOOKMARK [1][-]{section.5}{\376\377\000F\000e\000d\000e\000r\000a\000t\000e\000d\000\040\000T\000r\000u\000s\000t\000:\000\040\000G\000F\000N\000-\0001\000\040\000P\000r\000o\000t\000o\000c\000o\000l}{}% 21
\BOOKMARK [2][-]{subsection.5.1}{\376\377\000F\000e\000d\000e\000r\000a\000t\000i\000o\000n\000\040\000A\000r\000c\000h\000i\000t\000e\000c\000t\000u\000r\000e}{section.5}% 22
\BOOKMARK [2][-]{subsection.5.2}{\376\377\000T\000r\000u\000s\000t\000\040\000S\000c\000o\000r\000e\000\040\000C\000a\000l\000c\000u\000l\000a\000t\000i\000o\000n}{section.5}% 23
\BOOKMARK [2][-]{subsection.5.3}{\376\377\000T\000r\000u\000s\000t\000\040\000T\000h\000r\000e\000s\000h\000o\000l\000d\000s\000\040\000a\000n\000d\000\040\000S\000i\000g\000n\000a\000l\000\040\000R\000o\000u\000t\000i\000n\000g}{section.5}% 24
\BOOKMARK [2][-]{subsection.5.4}{\376\377\000T\000r\000u\000s\000t\000\040\000D\000e\000c\000a\000y\000\040\000a\000n\000d\000\040\000T\000e\000m\000p\000o\000r\000a\000l\000\040\000D\000y\000n\000a\000m\000i\000c\000s}{section.5}% 25
\BOOKMARK [2][-]{subsection.5.5}{\376\377\000T\000r\000u\000s\000t\000\040\000L\000i\000f\000e\000c\000y\000c\000l\000e\000:\000\040\000W\000o\000r\000k\000e\000d\000\040\000E\000x\000a\000m\000p\000l\000e}{section.5}% 26
\BOOKMARK [2][-]{subsection.5.6}{\376\377\000S\000y\000b\000i\000l\000\040\000R\000e\000s\000i\000s\000t\000a\000n\000c\000e}{section.5}% 27
\BOOKMARK [2][-]{subsection.5.7}{\376\377\000G\000a\000m\000e\000-\000T\000h\000e\000o\000r\000e\000t\000i\000c\000\040\000I\000n\000c\000e\000n\000t\000i\000v\000e\000\040\000A\000n\000a\000l\000y\000s\000i\000s}{section.5}% 28
\BOOKMARK [1][-]{section.6}{\376\377\000R\000e\000g\000u\000l\000a\000t\000o\000r\000y\000\040\000a\000n\000d\000\040\000E\000t\000h\000i\000c\000a\000l\000\040\000A\000l\000i\000g\000n\000m\000e\000n\000t}{}% 29
\BOOKMARK [2][-]{subsection.6.1}{\376\377\000N\000I\000S\000T\000\040\000A\000I\000\040\000R\000i\000s\000k\000\040\000M\000a\000n\000a\000g\000e\000m\000e\000n\000t\000\040\000F\000r\000a\000m\000e\000w\000o\000r\000k}{section.6}% 30
\BOOKMARK [2][-]{subsection.6.2}{\376\377\000E\000U\000\040\000A\000I\000\040\000A\000c\000t\000\040\000A\000l\000i\000g\000n\000m\000e\000n\000t}{section.6}% 31
\BOOKMARK [2][-]{subsection.6.3}{\376\377\000E\000t\000h\000i\000c\000a\000l\000\040\000G\000o\000v\000e\000r\000n\000a\000n\000c\000e\000\040\000P\000r\000o\000p\000e\000r\000t\000i\000e\000s}{section.6}% 32
\BOOKMARK [1][-]{section.7}{\376\377\000I\000m\000p\000l\000e\000m\000e\000n\000t\000a\000t\000i\000o\000n\000\040\000a\000n\000d\000\040\000E\000v\000a\000l\000u\000a\000t\000i\000o\000n}{}% 33
\BOOKMARK [2][-]{subsection.7.1}{\376\377\000R\000e\000f\000e\000r\000e\000n\000c\000e\000\040\000I\000m\000p\000l\000e\000m\000e\000n\000t\000a\000t\000i\000o\000n}{section.7}% 34
\BOOKMARK [2][-]{subsection.7.2}{\376\377\000E\000v\000a\000l\000u\000a\000t\000i\000o\000n\000\040\000I\000n\000f\000r\000a\000s\000t\000r\000u\000c\000t\000u\000r\000e}{section.7}% 35
\BOOKMARK [3][-]{subsubsection.7.2.1}{\376\377\000E\000d\000g\000e\000\040\000T\000e\000s\000t\000b\000e\000d}{subsection.7.2}% 36
\BOOKMARK [3][-]{subsubsection.7.2.2}{\376\377\000L\000i\000v\000e\000\040\000L\000a\000b\000o\000r\000a\000t\000o\000r\000y\000\040\000E\000n\000v\000i\000r\000o\000n\000m\000e\000n\000t}{subsection.7.2}% 37
\BOOKMARK [2][-]{subsection.7.3}{\376\377\000E\0001\000/\000E\0003\000:\000\040\000G\000o\000v\000e\000r\000n\000a\000n\000c\000e\000\040\000D\000e\000c\000i\000s\000i\000o\000n\000\040\000P\000e\000r\000f\000o\000r\000m\000a\000n\000c\000e}{section.7}% 38
\BOOKMARK [2][-]{subsection.7.4}{\376\377\000E\0002\000:\000\040\000F\000e\000d\000e\000r\000a\000t\000i\000o\000n\000\040\000T\000r\000u\000s\000t\000\040\000C\000o\000n\000v\000e\000r\000g\000e\000n\000c\000e}{section.7}% 39
\BOOKMARK [2][-]{subsection.7.5}{\376\377\000E\0004\000:\000\040\000O\000f\000f\000l\000i\000n\000e\000\040\000R\000e\000s\000i\000l\000i\000e\000n\000c\000e}{section.7}% 40
\BOOKMARK [2][-]{subsection.7.6}{\376\377\000F\000a\000i\000l\000u\000r\000e\000\040\000C\000l\000a\000s\000s\000\040\000R\000e\000p\000l\000a\000y\000\040\000E\000v\000a\000l\000u\000a\000t\000i\000o\000n}{section.7}% 41
\BOOKMARK [2][-]{subsection.7.7}{\376\377\000C\000o\000n\000t\000r\000o\000l\000l\000e\000d\000\040\000L\000L\000M\000\040\000A\000g\000e\000n\000t\000\040\000R\000e\000p\000r\000o\000d\000u\000c\000t\000i\000o\000n}{section.7}% 42
\BOOKMARK [2][-]{subsection.7.8}{\376\377\000G\000o\000v\000e\000r\000n\000a\000n\000c\000e\000\040\000A\000c\000c\000u\000r\000a\000c\000y}{section.7}% 43
\BOOKMARK [2][-]{subsection.7.9}{\376\377\000L\000i\000v\000e\000\040\000M\000u\000l\000t\000i\000-\000A\000g\000e\000n\000t\000\040\000L\000a\000b\000o\000r\000a\000t\000o\000r\000y\000\040\000E\000v\000a\000l\000u\000a\000t\000i\000o\000n}{section.7}% 44
\BOOKMARK [3][-]{subsubsection.7.9.1}{\376\377\000O\000b\000s\000e\000r\000v\000e\000d\000\040\000C\000a\000s\000e\000\040\000S\000t\000u\000d\000y\000\040\0001\000:\000\040\000A\000u\000t\000o\000n\000o\000m\000o\000u\000s\000\040\000O\000f\000f\000e\000n\000s\000i\000v\000e\000\040\000T\000o\000o\000l\000\040\000C\000r\000e\000a\000t\000i\000o\000n}{subsection.7.9}% 45
\BOOKMARK [3][-]{subsubsection.7.9.2}{\376\377\000O\000b\000s\000e\000r\000v\000e\000d\000\040\000C\000a\000s\000e\000\040\000S\000t\000u\000d\000y\000\040\0002\000:\000\040\000C\000r\000o\000s\000s\000-\000A\000c\000c\000o\000u\000n\000t\000\040\000E\000m\000a\000i\000l\000\040\000C\000o\000m\000p\000r\000o\000m\000i\000s\000e\000\040\000a\000n\000d\000\040\000S\000p\000o\000o\000f\000i\000n\000g}{subsection.7.9}% 46
\BOOKMARK [3][-]{subsubsection.7.9.3}{\376\377\000O\000b\000s\000e\000r\000v\000e\000d\000\040\000C\000a\000s\000e\000\040\000S\000t\000u\000d\000y\000\040\0003\000:\000\040\000E\000m\000e\000r\000g\000e\000n\000t\000\040\000R\000e\000s\000o\000u\000r\000c\000e\000\040\000E\000x\000h\000a\000u\000s\000t\000i\000o\000n}{subsection.7.9}% 47
\BOOKMARK [3][-]{subsubsection.7.9.4}{\376\377\000O\000b\000s\000e\000r\000v\000e\000d\000\040\000C\000a\000s\000e\000\040\000S\000t\000u\000d\000y\000\040\0004\000:\000\040\000I\000n\000d\000e\000p\000e\000n\000d\000e\000n\000t\000\040\000S\000e\000c\000u\000r\000i\000t\000y\000\040\000A\000u\000d\000i\000t}{subsection.7.9}% 48
\BOOKMARK [3][-]{subsubsection.7.9.5}{\376\377\000A\000g\000e\000n\000t\000-\000P\000r\000o\000d\000u\000c\000e\000d\000\040\000S\000e\000c\000u\000r\000i\000t\000y\000\040\000A\000u\000d\000i\000t}{subsection.7.9}% 49
\BOOKMARK [3][-]{subsubsection.7.9.6}{\376\377\000G\000o\000v\000e\000r\000n\000a\000n\000c\000e\000\040\000A\000c\000t\000i\000v\000a\000t\000i\000o\000n\000:\000\040\000A\000g\000e\000n\000t\000\040\000R\000e\000a\000c\000t\000i\000o\000n\000s}{subsection.7.9}% 50
\BOOKMARK [3][-]{subsubsection.7.9.7}{\376\377\000P\000h\000a\000s\000e\000\040\0002\000:\000\040\000A\000E\000G\000I\000S\000\040\000G\000o\000v\000e\000r\000n\000a\000n\000c\000e\000\040\000A\000c\000t\000i\000v\000a\000t\000i\000o\000n}{subsection.7.9}% 51
\BOOKMARK [3][-]{subsubsection.7.9.8}{\376\377\000K\000e\000y\000\040\000F\000i\000n\000d\000i\000n\000g\000s}{subsection.7.9}% 52
\BOOKMARK [3][-]{subsubsection.7.9.9}{\376\377\000A\000T\000X\000-\0001\000\040\000C\000r\000o\000s\000s\000-\000R\000e\000f\000e\000r\000e\000n\000c\000e}{subsection.7.9}% 53
\BOOKMARK [1][-]{section.8}{\376\377\000D\000i\000s\000c\000u\000s\000s\000i\000o\000n}{}% 54
\BOOKMARK [2][-]{subsection.8.1}{\376\377\000L\000i\000m\000i\000t\000a\000t\000i\000o\000n\000s}{section.8}% 55
\BOOKMARK [2][-]{subsection.8.2}{\376\377\000A\000l\000i\000g\000n\000m\000e\000n\000t\000\040\000V\000a\000r\000i\000a\000b\000i\000l\000i\000t\000y}{section.8}% 56
\BOOKMARK [2][-]{subsection.8.3}{\376\377\000A\000g\000e\000n\000t\000\040\000R\000e\000f\000l\000e\000c\000t\000i\000o\000n\000s\000\040\000o\000n\000\040\000G\000o\000v\000e\000r\000n\000a\000n\000c\000e}{section.8}% 57
\BOOKMARK [2][-]{subsection.8.4}{\376\377\000T\000o\000w\000a\000r\000d\000\040\000F\000u\000l\000l\000\040\000A\000o\000C\000\040\000R\000e\000p\000r\000o\000d\000u\000c\000t\000i\000o\000n}{section.8}% 58
\BOOKMARK [2][-]{subsection.8.5}{\376\377\000F\000e\000d\000e\000r\000a\000t\000e\000d\000\040\000S\000e\000c\000u\000r\000i\000t\000y\000\040\000I\000n\000t\000e\000l\000l\000i\000g\000e\000n\000c\000e}{section.8}% 59
\BOOKMARK [2][-]{subsection.8.6}{\376\377\000S\000c\000a\000l\000a\000b\000i\000l\000i\000t\000y\000\040\000C\000o\000n\000s\000i\000d\000e\000r\000a\000t\000i\000o\000n\000s}{section.8}% 60
\BOOKMARK [2][-]{subsection.8.7}{\376\377\000S\000e\000c\000u\000r\000e\000\040\000L\000i\000f\000e\000c\000y\000c\000l\000e\000\040\000M\000a\000n\000a\000g\000e\000m\000e\000n\000t}{section.8}% 61
\BOOKMARK [1][-]{section.9}{\376\377\000L\000i\000m\000i\000t\000a\000t\000i\000o\000n\000s}{}% 62
\BOOKMARK [1][-]{section.10}{\376\377\000C\000o\000n\000c\000l\000u\000s\000i\000o\000n}{}% 63
\BOOKMARK [1][-]{section*.1}{\376\377\000R\000e\000f\000e\000r\000e\000n\000c\000e\000s}{}% 64
